#
# There is insufficient memory for the Java Runtime Environment to continue.
# Native memory allocation (malloc) failed to allocate 32744 bytes for ChunkPool::allocate
# Possible reasons:
#   The system is out of physical RAM or swap space
#   In 32 bit mode, the process size limit was hit
# Possible solutions:
#   Reduce memory load on the system
#   Increase physical memory or swap space
#   Check if swap backing store is full
#   Use 64 bit Java on a 64 bit OS
#   Decrease Java heap size (-Xmx/-Xms)
#   Decrease number of Java threads
#   Decrease Java thread stack sizes (-Xss)
#   Set larger code cache with -XX:ReservedCodeCacheSize=
# This output file may be truncated or incomplete.
#
#  Out of Memory Error (allocation.cpp:273), pid=1144, tid=0x0000000000001550
#
# JRE version: OpenJDK Runtime Environment (8.0_152-b01) (build 1.8.0_152-release-915-b01)
# Java VM: OpenJDK 64-Bit Server VM (25.152-b01 mixed mode windows-amd64 compressed oops)
# Failed to write core dump. Minidumps are not enabled by default on client versions of Windows
#

---------------  T H R E A D  ---------------

Current thread (0x000000001825d000):  JavaThread "C2 CompilerThread1" daemon [_thread_in_native, id=5456, stack(0x0000000019c60000,0x0000000019d60000)]

Stack: [0x0000000019c60000,0x0000000019d60000]
[error occurred during error reporting (printing stack bounds), id 0xc0000005]

Native frames: (J=compiled Java code, j=interpreted, Vv=VM code, C=native code)


Current CompileTask:
C2:  35891 4742   !   4       com.sun.beans.TypeResolver::resolve (274 bytes)


---------------  P R O C E S S  ---------------

Java Threads: ( => current thread )
  0x000000001f289800 JavaThread "Memory manager" [_thread_blocked, id=23744, stack(0x0000000022740000,0x0000000022840000)]
  0x000000001d447800 JavaThread "pool-1-thread-1" [_thread_blocked, id=19636, stack(0x0000000022640000,0x0000000022740000)]
  0x000000001d446000 JavaThread "build operations Thread 4" [_thread_blocked, id=7636, stack(0x0000000021cd0000,0x0000000021dd0000)]
  0x000000001d444000 JavaThread "build operations Thread 3" [_thread_blocked, id=19192, stack(0x0000000021bd0000,0x0000000021cd0000)]
  0x000000001d44a800 JavaThread "build operations Thread 2" [_thread_blocked, id=24388, stack(0x0000000021ad0000,0x0000000021bd0000)]
  0x000000001d44a000 JavaThread "build operations" [_thread_blocked, id=23180, stack(0x00000000212e0000,0x00000000213e0000)]
  0x000000001d445800 JavaThread "Cache worker for Artifact transforms cache (C:\Users\miseon\.gradle\caches\transforms-1)" [_thread_blocked, id=21836, stack(0x000000001fb70000,0x000000001fc70000)]
  0x000000001d7eb800 JavaThread "Cache worker for file hash cache (E:\zoljak\zoljak\Braille\.gradle\4.1\fileHashes)" [_thread_blocked, id=3500, stack(0x000000001e8a0000,0x000000001e9a0000)]
  0x000000001ac33800 JavaThread "File lock request listener" [_thread_in_native, id=18736, stack(0x000000001c800000,0x000000001c900000)]
  0x000000001a295800 JavaThread "Cache worker for file hash cache (C:\Users\miseon\.gradle\caches\4.1\fileHashes)" [_thread_blocked, id=22156, stack(0x000000001c700000,0x000000001c800000)]
  0x000000001a922800 JavaThread "Stdin handler" [_thread_blocked, id=21736, stack(0x000000001c400000,0x000000001c500000)]
  0x000000001a921800 JavaThread "Asynchronous log dispatcher for DefaultDaemonConnection: socket connection from /127.0.0.1:59512 to /127.0.0.1:59513" [_thread_blocked, id=21948, stack(0x000000001c300000,0x000000001c400000)]
  0x000000001a916000 JavaThread "Daemon worker" [_thread_in_vm, id=6852, stack(0x000000001c200000,0x000000001c300000)]
  0x000000001a915800 JavaThread "Cancel handler" [_thread_blocked, id=23008, stack(0x000000001c100000,0x000000001c200000)]
  0x00000000196e9000 JavaThread "Handler for socket connection from /127.0.0.1:59512 to /127.0.0.1:59513" [_thread_in_native, id=15104, stack(0x000000001be00000,0x000000001bf00000)]
  0x000000001adf2800 JavaThread "Daemon" [_thread_blocked, id=21156, stack(0x000000001bd00000,0x000000001be00000)]
  0x000000001adeb000 JavaThread "Daemon periodic checks" [_thread_blocked, id=8392, stack(0x000000001bc00000,0x000000001bd00000)]
  0x000000001aefd800 JavaThread "Incoming local TCP Connector on port 59512" [_thread_in_native, id=11720, stack(0x000000001ba30000,0x000000001bb30000)]
  0x00000000195e2800 JavaThread "Service Thread" daemon [_thread_blocked, id=20976, stack(0x0000000019e60000,0x0000000019f60000)]
  0x0000000019583800 JavaThread "C1 CompilerThread2" daemon [_thread_blocked, id=16912, stack(0x0000000019d60000,0x0000000019e60000)]
=>0x000000001825d000 JavaThread "C2 CompilerThread1" daemon [_thread_in_native, id=5456, stack(0x0000000019c60000,0x0000000019d60000)]
  0x000000001825a000 JavaThread "C2 CompilerThread0" daemon [_thread_in_native, id=1924, stack(0x0000000019b60000,0x0000000019c60000)]
  0x0000000018259000 JavaThread "Attach Listener" daemon [_thread_blocked, id=22888, stack(0x0000000019a60000,0x0000000019b60000)]
  0x000000001820f000 JavaThread "Signal Dispatcher" daemon [_thread_blocked, id=9804, stack(0x0000000019960000,0x0000000019a60000)]
  0x00000000181e8800 JavaThread "Finalizer" daemon [_thread_blocked, id=18468, stack(0x0000000019460000,0x0000000019560000)]
  0x0000000004883000 JavaThread "Reference Handler" daemon [_thread_blocked, id=2880, stack(0x0000000019360000,0x0000000019460000)]
  0x0000000002aad800 JavaThread "main" [_thread_blocked, id=10648, stack(0x0000000004690000,0x0000000004790000)]

Other Threads:
  0x00000000181c5800 VMThread [stack: 0x0000000019260000,0x0000000019360000] [id=2104]
  0x00000000195e3800 WatcherThread [stack: 0x0000000019f60000,0x000000001a060000] [id=13912]

VM state:not at safepoint (normal execution)

VM Mutex/Monitor currently owned by a thread: None

Heap:
 PSYoungGen      total 121856K, used 41994K [0x00000000e0000000, 0x00000000e8d00000, 0x0000000100000000)
  eden space 112128K, 28% used [0x00000000e0000000,0x00000000e1fbc9a0,0x00000000e6d80000)
  from space 9728K, 97% used [0x00000000e8380000,0x00000000e8cc6228,0x00000000e8d00000)
  to   space 11264K, 0% used [0x00000000e7700000,0x00000000e7700000,0x00000000e8200000)
 ParOldGen       total 91136K, used 15181K [0x00000000a0000000, 0x00000000a5900000, 0x00000000e0000000)
  object space 91136K, 16% used [0x00000000a0000000,0x00000000a0ed34c0,0x00000000a5900000)
 Metaspace       used 41623K, capacity 42551K, committed 42968K, reserved 1087488K
  class space    used 5547K, capacity 5833K, committed 5888K, reserved 1048576K

Card table byte_map: [0x0000000013c50000,0x0000000013f60000] byte_map_base: 0x0000000013750000

Marking Bits: (ParMarkBitMap*) 0x00000000700b3950
 Begin Bits: [0x0000000014560000, 0x0000000015d60000)
 End Bits:   [0x0000000015d60000, 0x0000000017560000)

Polling page: 0x0000000002600000

CodeCache: size=245760Kb used=15329Kb max_used=15329Kb free=230430Kb
 bounds [0x0000000004890000, 0x00000000057a0000, 0x0000000013890000]
 total_blobs=4971 nmethods=4248 adapters=636
 compilation: enabled

Compilation events (10 events):
Event: 35.615 Thread 0x0000000019583800 4766       3       groovy.lang.GroovySystem::getMetaClassRegistry (4 bytes)
Event: 35.615 Thread 0x0000000019583800 nmethod 4766 0x0000000005796190 code [0x00000000057962e0, 0x0000000005796410]
Event: 35.618 Thread 0x0000000019583800 4767       3       org.codehaus.groovy.util.ManagedConcurrentMap$Entry::isValid (13 bytes)
Event: 35.618 Thread 0x0000000019583800 nmethod 4767 0x0000000005796490 code [0x0000000005796600, 0x0000000005796948]
Event: 35.618 Thread 0x0000000019583800 4768       1       org.codehaus.groovy.util.ManagedConcurrentMap$Entry::getHash (5 bytes)
Event: 35.618 Thread 0x0000000019583800 nmethod 4768 0x000000000576b190 code [0x000000000576b2e0, 0x000000000576b3f0]
Event: 35.623 Thread 0x0000000019583800 4769       3       org.codehaus.groovy.reflection.ClassInfo$LazyCachedClassRef::initValue (5 bytes)
Event: 35.624 Thread 0x0000000019583800 nmethod 4769 0x0000000005796a50 code [0x0000000005796be0, 0x0000000005796fc8]
Event: 35.702 Thread 0x0000000019583800 4771       1       org.codehaus.groovy.runtime.callsite.AbstractCallSite::getArray (5 bytes)
Event: 35.702 Thread 0x0000000019583800 nmethod 4771 0x0000000005787d50 code [0x0000000005787ea0, 0x0000000005787fb0]

GC Heap History (10 events):
Event: 23.868 GC heap before
{Heap before GC invocations=8 (full 1):
 PSYoungGen      total 62976K, used 57309K [0x00000000e0000000, 0x00000000e4b80000, 0x0000000100000000)
  eden space 51712K, 100% used [0x00000000e0000000,0x00000000e3280000,0x00000000e3280000)
  from space 11264K, 49% used [0x00000000e3d00000,0x00000000e4277718,0x00000000e4800000)
  to   space 10752K, 0% used [0x00000000e3280000,0x00000000e3280000,0x00000000e3d00000)
 ParOldGen       total 62976K, used 8913K [0x00000000a0000000, 0x00000000a3d80000, 0x00000000e0000000)
  object space 62976K, 14% used [0x00000000a0000000,0x00000000a08b4750,0x00000000a3d80000)
 Metaspace       used 30186K, capacity 30832K, committed 30976K, reserved 1075200K
  class space    used 4123K, capacity 4323K, committed 4352K, reserved 1048576K
Event: 23.887 GC heap after
Heap after GC invocations=8 (full 1):
 PSYoungGen      total 62464K, used 7794K [0x00000000e0000000, 0x00000000e6900000, 0x0000000100000000)
  eden space 51712K, 0% used [0x00000000e0000000,0x00000000e0000000,0x00000000e3280000)
  from space 10752K, 72% used [0x00000000e3280000,0x00000000e3a1c8f8,0x00000000e3d00000)
  to   space 10752K, 0% used [0x00000000e5e80000,0x00000000e5e80000,0x00000000e6900000)
 ParOldGen       total 62976K, used 8921K [0x00000000a0000000, 0x00000000a3d80000, 0x00000000e0000000)
  object space 62976K, 14% used [0x00000000a0000000,0x00000000a08b6750,0x00000000a3d80000)
 Metaspace       used 30186K, capacity 30832K, committed 30976K, reserved 1075200K
  class space    used 4123K, capacity 4323K, committed 4352K, reserved 1048576K
}
Event: 29.065 GC heap before
{Heap before GC invocations=9 (full 1):
 PSYoungGen      total 62464K, used 59506K [0x00000000e0000000, 0x00000000e6900000, 0x0000000100000000)
  eden space 51712K, 100% used [0x00000000e0000000,0x00000000e3280000,0x00000000e3280000)
  from space 10752K, 72% used [0x00000000e3280000,0x00000000e3a1c8f8,0x00000000e3d00000)
  to   space 10752K, 0% used [0x00000000e5e80000,0x00000000e5e80000,0x00000000e6900000)
 ParOldGen       total 62976K, used 8921K [0x00000000a0000000, 0x00000000a3d80000, 0x00000000e0000000)
  object space 62976K, 14% used [0x00000000a0000000,0x00000000a08b6750,0x00000000a3d80000)
 Metaspace       used 31391K, capacity 32046K, committed 32256K, reserved 1077248K
  class space    used 4269K, capacity 4492K, committed 4608K, reserved 1048576K
Event: 29.088 GC heap after
Heap after GC invocations=9 (full 1):
 PSYoungGen      total 93696K, used 7236K [0x00000000e0000000, 0x00000000e6780000, 0x0000000100000000)
  eden space 84480K, 0% used [0x00000000e0000000,0x00000000e0000000,0x00000000e5280000)
  from space 9216K, 78% used [0x00000000e5e80000,0x00000000e65911c0,0x00000000e6780000)
  to   space 10752K, 0% used [0x00000000e5280000,0x00000000e5280000,0x00000000e5d00000)
 ParOldGen       total 62976K, used 8993K [0x00000000a0000000, 0x00000000a3d80000, 0x00000000e0000000)
  object space 62976K, 14% used [0x00000000a0000000,0x00000000a08c8760,0x00000000a3d80000)
 Metaspace       used 31391K, capacity 32046K, committed 32256K, reserved 1077248K
  class space    used 4269K, capacity 4492K, committed 4608K, reserved 1048576K
}
Event: 30.158 GC heap before
{Heap before GC invocations=10 (full 1):
 PSYoungGen      total 93696K, used 24560K [0x00000000e0000000, 0x00000000e6780000, 0x0000000100000000)
  eden space 84480K, 20% used [0x00000000e0000000,0x00000000e10eb038,0x00000000e5280000)
  from space 9216K, 78% used [0x00000000e5e80000,0x00000000e65911c0,0x00000000e6780000)
  to   space 10752K, 0% used [0x00000000e5280000,0x00000000e5280000,0x00000000e5d00000)
 ParOldGen       total 62976K, used 8993K [0x00000000a0000000, 0x00000000a3d80000, 0x00000000e0000000)
  object space 62976K, 14% used [0x00000000a0000000,0x00000000a08c8760,0x00000000a3d80000)
 Metaspace       used 34530K, capacity 35265K, committed 35416K, reserved 1079296K
  class space    used 4687K, capacity 4957K, committed 4992K, reserved 1048576K
Event: 30.210 GC heap after
Heap after GC invocations=10 (full 1):
 PSYoungGen      total 95232K, used 5145K [0x00000000e0000000, 0x00000000e8d80000, 0x0000000100000000)
  eden space 84480K, 0% used [0x00000000e0000000,0x00000000e0000000,0x00000000e5280000)
  from space 10752K, 47% used [0x00000000e5280000,0x00000000e5786400,0x00000000e5d00000)
  to   space 10240K, 0% used [0x00000000e8380000,0x00000000e8380000,0x00000000e8d80000)
 ParOldGen       total 62976K, used 12710K [0x00000000a0000000, 0x00000000a3d80000, 0x00000000e0000000)
  object space 62976K, 20% used [0x00000000a0000000,0x00000000a0c69ae0,0x00000000a3d80000)
 Metaspace       used 34530K, capacity 35265K, committed 35416K, reserved 1079296K
  class space    used 4687K, capacity 4957K, committed 4992K, reserved 1048576K
}
Event: 30.210 GC heap before
{Heap before GC invocations=11 (full 2):
 PSYoungGen      total 95232K, used 5145K [0x00000000e0000000, 0x00000000e8d80000, 0x0000000100000000)
  eden space 84480K, 0% used [0x00000000e0000000,0x00000000e0000000,0x00000000e5280000)
  from space 10752K, 47% used [0x00000000e5280000,0x00000000e5786400,0x00000000e5d00000)
  to   space 10240K, 0% used [0x00000000e8380000,0x00000000e8380000,0x00000000e8d80000)
 ParOldGen       total 62976K, used 12710K [0x00000000a0000000, 0x00000000a3d80000, 0x00000000e0000000)
  object space 62976K, 20% used [0x00000000a0000000,0x00000000a0c69ae0,0x00000000a3d80000)
 Metaspace       used 34530K, capacity 35265K, committed 35416K, reserved 1079296K
  class space    used 4687K, capacity 4957K, committed 4992K, reserved 1048576K
Event: 30.473 GC heap after
Heap after GC invocations=11 (full 2):
 PSYoungGen      total 95232K, used 0K [0x00000000e0000000, 0x00000000e8d80000, 0x0000000100000000)
  eden space 84480K, 0% used [0x00000000e0000000,0x00000000e0000000,0x00000000e5280000)
  from space 10752K, 0% used [0x00000000e5280000,0x00000000e5280000,0x00000000e5d00000)
  to   space 10240K, 0% used [0x00000000e8380000,0x00000000e8380000,0x00000000e8d80000)
 ParOldGen       total 91136K, used 15173K [0x00000000a0000000, 0x00000000a5900000, 0x00000000e0000000)
  object space 91136K, 16% used [0x00000000a0000000,0x00000000a0ed14c0,0x00000000a5900000)
 Metaspace       used 34530K, capacity 35265K, committed 35416K, reserved 1079296K
  class space    used 4687K, capacity 4957K, committed 4992K, reserved 1048576K
}
Event: 34.052 GC heap before
{Heap before GC invocations=12 (full 2):
 PSYoungGen      total 95232K, used 84413K [0x00000000e0000000, 0x00000000e8d80000, 0x0000000100000000)
  eden space 84480K, 99% used [0x00000000e0000000,0x00000000e526f530,0x00000000e5280000)
  from space 10752K, 0% used [0x00000000e5280000,0x00000000e5280000,0x00000000e5d00000)
  to   space 10240K, 0% used [0x00000000e8380000,0x00000000e8380000,0x00000000e8d80000)
 ParOldGen       total 91136K, used 15173K [0x00000000a0000000, 0x00000000a5900000, 0x00000000e0000000)
  object space 91136K, 16% used [0x00000000a0000000,0x00000000a0ed14c0,0x00000000a5900000)
 Metaspace       used 40785K, capacity 41627K, committed 42072K, reserved 1085440K
  class space    used 5409K, capacity 5678K, committed 5760K, reserved 1048576K
Event: 34.105 GC heap after
Heap after GC invocations=12 (full 2):
 PSYoungGen      total 121856K, used 9496K [0x00000000e0000000, 0x00000000e8d00000, 0x0000000100000000)
  eden space 112128K, 0% used [0x00000000e0000000,0x00000000e0000000,0x00000000e6d80000)
  from space 9728K, 97% used [0x00000000e8380000,0x00000000e8cc6228,0x00000000e8d00000)
  to   space 11264K, 0% used [0x00000000e7700000,0x00000000e7700000,0x00000000e8200000)
 ParOldGen       total 91136K, used 15181K [0x00000000a0000000, 0x00000000a5900000, 0x00000000e0000000)
  object space 91136K, 16% used [0x00000000a0000000,0x00000000a0ed34c0,0x00000000a5900000)
 Metaspace       used 40785K, capacity 41627K, committed 42072K, reserved 1085440K
  class space    used 5409K, capacity 5678K, committed 5760K, reserved 1048576K
}

Deoptimization events (10 events):
Event: 32.778 Thread 0x000000001a916000 Uncommon trap: reason=bimorphic action=maybe_recompile pc=0x0000000005524b34 method=java.util.Hashtable.get(Ljava/lang/Object;)Ljava/lang/Object; @ 6
Event: 32.786 Thread 0x000000001a916000 Uncommon trap: reason=unstable_if action=reinterpret pc=0x000000000558935c method=java.util.jar.JarFile.getInputStream(Ljava/util/zip/ZipEntry;)Ljava/io/InputStream; @ 37
Event: 32.834 Thread 0x000000001a916000 Uncommon trap: reason=unstable_if action=reinterpret pc=0x000000000506e0ec method=java.security.CodeSource.getCertificates()[Ljava/security/cert/Certificate; @ 22
Event: 32.836 Thread 0x000000001a916000 Uncommon trap: reason=unstable_if action=reinterpret pc=0x0000000004dda104 method=java.util.jar.JarFile.maybeInstantiateVerifier()V @ 75
Event: 32.839 Thread 0x000000001a916000 Uncommon trap: reason=class_check action=maybe_recompile pc=0x0000000004ad90a4 method=java.util.jar.JarFile.getJarEntry(Ljava/lang/String;)Ljava/util/jar/JarEntry; @ 2
Event: 32.840 Thread 0x000000001a916000 Uncommon trap: reason=class_check action=maybe_recompile pc=0x0000000004ad90a4 method=java.util.jar.JarFile.getJarEntry(Ljava/lang/String;)Ljava/util/jar/JarEntry; @ 2
Event: 32.840 Thread 0x000000001a916000 Uncommon trap: reason=class_check action=maybe_recompile pc=0x0000000004ad90a4 method=java.util.jar.JarFile.getJarEntry(Ljava/lang/String;)Ljava/util/jar/JarEntry; @ 2
Event: 32.842 Thread 0x000000001a916000 Uncommon trap: reason=unstable_if action=reinterpret pc=0x000000000552c4fc method=java.util.LinkedHashMap.get(Ljava/lang/Object;)Ljava/lang/Object; @ 20
Event: 33.972 Thread 0x000000001a916000 Uncommon trap: reason=unstable_if action=reinterpret pc=0x0000000005688934 method=java.lang.ClassLoader.compareCerts([Ljava/security/cert/Certificate;[Ljava/security/cert/Certificate;)Z @ 1
Event: 34.455 Thread 0x000000001a916000 Uncommon trap: reason=unstable_if action=reinterpret pc=0x0000000005675058 method=org.gradle.internal.reflect.PropertyAccessorType.of(Ljava/lang/reflect/Method;)Lorg/gradle/internal/reflect/PropertyAccessorType; @ 4

Classes redefined (0 events):
No events

Internal exceptions (10 events):
Event: 35.627 Thread 0x000000001a916000 Exception <a 'java/lang/ClassNotFoundException': org/gradle/api/internal/artifacts/dependencies/DefaultExternalModuleDependency_DecoratedBeanInfo> (0x00000000e1a2e070) thrown at [D:\src\AOSP-openjdk-cygwin\jdk8u\hotspot\src\share\vm\classfile\systemDictio
Event: 35.629 Thread 0x000000001a916000 Exception <a 'java/lang/ClassNotFoundException': org/gradle/api/internal/artifacts/dependencies/DefaultExternalModuleDependencyBeanInfo> (0x00000000e1a69978) thrown at [D:\src\AOSP-openjdk-cygwin\jdk8u\hotspot\src\share\vm\classfile\systemDictionary.cpp, 
Event: 35.631 Thread 0x000000001a916000 Exception <a 'java/lang/ClassNotFoundException': org/gradle/api/internal/artifacts/dependencies/AbstractExternalModuleDependencyBeanInfo> (0x00000000e1aa5e88) thrown at [D:\src\AOSP-openjdk-cygwin\jdk8u\hotspot\src\share\vm\classfile\systemDictionary.cpp,
Event: 35.632 Thread 0x000000001a916000 Exception <a 'java/lang/ClassNotFoundException': org/gradle/api/internal/artifacts/dependencies/AbstractModuleDependencyBeanInfo> (0x00000000e1ade598) thrown at [D:\src\AOSP-openjdk-cygwin\jdk8u\hotspot\src\share\vm\classfile\systemDictionary.cpp, line 21
Event: 35.634 Thread 0x000000001a916000 Exception <a 'java/lang/ClassNotFoundException': org/gradle/api/internal/artifacts/dependencies/AbstractDependencyBeanInfo> (0x00000000e1b13968) thrown at [D:\src\AOSP-openjdk-cygwin\jdk8u\hotspot\src\share\vm\classfile\systemDictionary.cpp, line 210]
Event: 35.635 Thread 0x000000001a916000 Exception <a 'java/lang/ClassNotFoundException': org/gradle/api/internal/artifacts/dependencies/AbstractDependencyCustomizer> (0x00000000e1ba5d20) thrown at [D:\src\AOSP-openjdk-cygwin\jdk8u\hotspot\src\share\vm\classfile\systemDictionary.cpp, line 210]
Event: 35.637 Thread 0x000000001a916000 Exception <a 'java/lang/ClassNotFoundException': org/gradle/api/internal/artifacts/dependencies/AbstractModuleDependencyCustomizer> (0x00000000e1be1ae8) thrown at [D:\src\AOSP-openjdk-cygwin\jdk8u\hotspot\src\share\vm\classfile\systemDictionary.cpp, line 
Event: 35.645 Thread 0x000000001a916000 Exception <a 'java/lang/ClassNotFoundException': org/gradle/api/internal/artifacts/dependencies/AbstractExternalModuleDependencyCustomizer> (0x00000000e1c383f0) thrown at [D:\src\AOSP-openjdk-cygwin\jdk8u\hotspot\src\share\vm\classfile\systemDictionary.cp
Event: 35.647 Thread 0x000000001a916000 Exception <a 'java/lang/ClassNotFoundException': org/gradle/api/internal/artifacts/dependencies/DefaultExternalModuleDependencyCustomizer> (0x00000000e1c81cd8) thrown at [D:\src\AOSP-openjdk-cygwin\jdk8u\hotspot\src\share\vm\classfile\systemDictionary.cpp
Event: 35.649 Thread 0x000000001a916000 Exception <a 'java/lang/ClassNotFoundException': org/gradle/api/internal/artifacts/dependencies/DefaultExternalModuleDependency_DecoratedCustomizer> (0x00000000e1ccfeb8) thrown at [D:\src\AOSP-openjdk-cygwin\jdk8u\hotspot\src\share\vm\classfile\systemDict

Events (10 events):
Event: 35.714 loading class com/android/repository/io/FileOp
Event: 35.714 loading class com/android/repository/io/FileOp done
Event: 35.715 loading class com/android/repository/io/impl/FileOpImpl
Event: 35.715 loading class com/android/repository/io/impl/FileOpImpl done
Event: 35.715 loading class com/android/repository/io/impl/FileSystemFileOp
Event: 35.715 loading class com/android/repository/io/impl/FileSystemFileOp done
Event: 35.717 loading class com/android/repository/Revision$PreviewComparison
Event: 35.717 loading class com/android/repository/Revision$PreviewComparison done
Event: 35.719 loading class com/android/repository/Revision$1
Event: 35.719 loading class com/android/repository/Revision$1 done


Dynamic libraries:
0x00007ff6c8810000 - 0x00007ff6c8841000 	C:\Program Files\Android\Android Studio\jre\bin\java.exe
0x00007ffb718e0000 - 0x00007ffb71ac0000 	C:\WINDOWS\SYSTEM32\ntdll.dll
0x00007ffb6edb0000 - 0x00007ffb6ee5e000 	C:\WINDOWS\System32\KERNEL32.DLL
0x00007ffb6e560000 - 0x00007ffb6e7c6000 	C:\WINDOWS\System32\KERNELBASE.dll
0x00007ffb716b0000 - 0x00007ffb71751000 	C:\WINDOWS\System32\ADVAPI32.dll
0x00007ffb6f3b0000 - 0x00007ffb6f44d000 	C:\WINDOWS\System32\msvcrt.dll
0x00007ffb6ef30000 - 0x00007ffb6ef8b000 	C:\WINDOWS\System32\sechost.dll
0x00007ffb71590000 - 0x00007ffb716af000 	C:\WINDOWS\System32\RPCRT4.dll
0x00007ffb70c00000 - 0x00007ffb70d8f000 	C:\WINDOWS\System32\USER32.dll
0x00007ffb6eb40000 - 0x00007ffb6eb60000 	C:\WINDOWS\System32\win32u.dll
0x00007ffb70d90000 - 0x00007ffb70db8000 	C:\WINDOWS\System32\GDI32.dll
0x00007ffb6e9a0000 - 0x00007ffb6eb33000 	C:\WINDOWS\System32\gdi32full.dll
0x00007ffb6ed10000 - 0x00007ffb6edab000 	C:\WINDOWS\System32\msvcp_win.dll
0x00007ffb6ebb0000 - 0x00007ffb6eca6000 	C:\WINDOWS\System32\ucrtbase.dll
0x00007ffb63310000 - 0x00007ffb63579000 	C:\WINDOWS\WinSxS\amd64_microsoft.windows.common-controls_6595b64144ccf1df_6.0.16299.192_none_15c8cdae9364c23b\COMCTL32.dll
0x00007ffb708f0000 - 0x00007ffb70bf8000 	C:\WINDOWS\System32\combase.dll
0x00007ffb6dd90000 - 0x00007ffb6de02000 	C:\WINDOWS\System32\bcryptPrimitives.dll
0x00007ffb71760000 - 0x00007ffb7178d000 	C:\WINDOWS\System32\IMM32.DLL
0x000000006f810000 - 0x000000006f8e2000 	C:\Program Files\Android\Android Studio\jre\jre\bin\msvcr100.dll
0x000000006f8f0000 - 0x000000007012e000 	C:\Program Files\Android\Android Studio\jre\jre\bin\server\jvm.dll
0x00007ffb717f0000 - 0x00007ffb717f8000 	C:\WINDOWS\System32\PSAPI.DLL
0x00007ffb63f90000 - 0x00007ffb63f9a000 	C:\WINDOWS\SYSTEM32\VERSION.dll
0x00007ffb53c20000 - 0x00007ffb53c29000 	C:\WINDOWS\SYSTEM32\WSOCK32.dll
0x00007ffb70dd0000 - 0x00007ffb70e3c000 	C:\WINDOWS\System32\WS2_32.dll
0x00007ffb62b80000 - 0x00007ffb62ba3000 	C:\WINDOWS\SYSTEM32\WINMM.dll
0x00007ffb626a0000 - 0x00007ffb626ca000 	C:\WINDOWS\SYSTEM32\winmmbase.dll
0x00007ffb6eb60000 - 0x00007ffb6ebaa000 	C:\WINDOWS\System32\cfgmgr32.dll
0x00007ffb69e80000 - 0x00007ffb69e8f000 	C:\Program Files\Android\Android Studio\jre\jre\bin\verify.dll
0x00007ffb5cb70000 - 0x00007ffb5cb99000 	C:\Program Files\Android\Android Studio\jre\jre\bin\java.dll
0x00007ffb69560000 - 0x00007ffb69576000 	C:\Program Files\Android\Android Studio\jre\jre\bin\zip.dll
0x00007ffb6f4b0000 - 0x00007ffb708e6000 	C:\WINDOWS\System32\SHELL32.dll
0x00007ffb71800000 - 0x00007ffb718a6000 	C:\WINDOWS\System32\shcore.dll
0x00007ffb6de10000 - 0x00007ffb6e557000 	C:\WINDOWS\System32\windows.storage.dll
0x00007ffb70f70000 - 0x00007ffb70fc1000 	C:\WINDOWS\System32\shlwapi.dll
0x00007ffb6dc50000 - 0x00007ffb6dc61000 	C:\WINDOWS\System32\kernel.appcore.dll
0x00007ffb6dc70000 - 0x00007ffb6dcbc000 	C:\WINDOWS\System32\powrprof.dll
0x00007ffb6dcc0000 - 0x00007ffb6dcdb000 	C:\WINDOWS\System32\profapi.dll
0x00007ffb5cdc0000 - 0x00007ffb5cdda000 	C:\Program Files\Android\Android Studio\jre\jre\bin\net.dll
0x00007ffb6d4c0000 - 0x00007ffb6d526000 	C:\WINDOWS\system32\mswsock.dll
0x00007ffb5cbc0000 - 0x00007ffb5cbd1000 	C:\Program Files\Android\Android Studio\jre\jre\bin\nio.dll
0x00007ffb5e650000 - 0x00007ffb5e66e000 	C:\Users\miseon\.gradle\native\25\windows-amd64\native-platform.dll
0x00007ffb69e70000 - 0x00007ffb69e7d000 	C:\Program Files\Android\Android Studio\jre\jre\bin\management.dll
0x00007ffb6d690000 - 0x00007ffb6d6a7000 	C:\WINDOWS\SYSTEM32\CRYPTSP.dll
0x00007ffb6d0d0000 - 0x00007ffb6d103000 	C:\WINDOWS\system32\rsaenh.dll
0x00007ffb6d790000 - 0x00007ffb6d7b5000 	C:\WINDOWS\SYSTEM32\bcrypt.dll
0x00007ffb6db60000 - 0x00007ffb6db89000 	C:\WINDOWS\SYSTEM32\USERENV.dll
0x00007ffb6d680000 - 0x00007ffb6d68b000 	C:\WINDOWS\SYSTEM32\CRYPTBASE.dll
0x00007ffb6d250000 - 0x00007ffb6d289000 	C:\WINDOWS\SYSTEM32\IPHLPAPI.DLL
0x00007ffb70dc0000 - 0x00007ffb70dc8000 	C:\WINDOWS\System32\NSI.dll
0x00007ffb68210000 - 0x00007ffb68226000 	C:\WINDOWS\SYSTEM32\dhcpcsvc6.DLL
0x00007ffb67fb0000 - 0x00007ffb67fca000 	C:\WINDOWS\SYSTEM32\dhcpcsvc.DLL

VM Arguments:
jvm_args: -Xmx1536m -Dfile.encoding=x-windows-949 -Duser.country=KR -Duser.language=ko -Duser.variant 
java_command: org.gradle.launcher.daemon.bootstrap.GradleDaemon 4.1
java_class_path (initial): C:\Users\miseon\.gradle\wrapper\dists\gradle-4.1-all\bzyivzo6n839fup2jbap0tjew\gradle-4.1\lib\gradle-launcher-4.1.jar
Launcher Type: SUN_STANDARD

Environment Variables:
JAVA_HOME=C:\ProgramData\Oracle\Java\javapath
CLASSPATH=E:\ttest\junit-4.12.jar
PATH=C:\ProgramData\Oracle\Java\javapath;C:\Program Files (x86)\Intel\iCLS Client\;C:\Program Files\Intel\iCLS Client\;C:\WINDOWS\system32;C:\WINDOWS;C:\WINDOWS\System32\Wbem;C:\WINDOWS\System32\WindowsPowerShell\v1.0\;C:\Program Files\Samsung\SamsungLink\AllShare Framework DMS\bin\;C:\Program Files\Intel\Intel(R) Management Engine Components\DAL;C:\Program Files\Intel\Intel(R) Management Engine Components\IPT;C:\Program Files (x86)\NVIDIA Corporation\PhysX\Common;C:\Program Files\Microsoft SQL Server\130\Tools\Binn\;c:\Program Files (x86)\Microsoft SQL Server\100\Tools\Binn\;c:\Program Files\Microsoft SQL Server\100\Tools\Binn\;c:\Program Files\Microsoft SQL Server\100\DTS\Binn\;C:\WINDOWS\system32;C:\WINDOWS;C:\WINDOWS\System32\Wbem;C:\WINDOWS\System32\WindowsPowerShell\v1.0\;C:\Users\miseon\AppData\Local\Microsoft\WindowsApps;"C:\Program Files\Java\jdk1.8.0_121\bin";
USERNAME=miseon
OS=Windows_NT
PROCESSOR_IDENTIFIER=Intel64 Family 6 Model 61 Stepping 4, GenuineIntel



---------------  S Y S T E M  ---------------

OS: Windows 10.0 , 64 bit Build 16299 (10.0.16299.15)

CPU:total 4 (initial active 4) (2 cores per cpu, 2 threads per core) family 6 model 61 stepping 4, cmov, cx8, fxsr, mmx, sse, sse2, sse3, ssse3, sse4.1, sse4.2, popcnt, avx, avx2, aes, clmul, erms, 3dnowpref, lzcnt, ht, tsc, tscinvbit, bmi1, bmi2, adx

Memory: 4k page, physical 8301988k(1567384k free), swap 20471980k(144k free)

vm_info: OpenJDK 64-Bit Server VM (25.152-b01) for windows-amd64 JRE (1.8.0_152-release-915-b01), built by "builder" with MS VC++ 10.0 (VS2010)

time: Sun Feb 11 01:33:41 2018
elapsed time: 35 seconds (0d 0h 0m 35s)

